#
# A fatal error has been detected by the Java Runtime Environment:
#
#  SIGSEGV (0xb) at pc=0x00007fff9379c4e9, pid=3880, tid=2571
#
# JRE version: Java(TM) SE Runtime Environment (8.0_66-b17) (build 1.8.0_66-b17)
# Java VM: Java HotSpot(TM) 64-Bit Server VM (25.66-b17 mixed mode bsd-amd64 compressed oops)
# Problematic frame:
# C  [libobjc.A.dylib+0x14e9]  objc_msgSend+0x29
#
# Failed to write core dump. Core dumps have been disabled. To enable core dumping, try "ulimit -c unlimited" before starting Java again
#
# If you would like to submit a bug report, please visit:
#   http://bugreport.java.com/bugreport/crash.jsp
# The crash happened outside the Java Virtual Machine in native code.
# See problematic frame for where to report the bug.
#

---------------  T H R E A D  ---------------

Current thread (0x00007ffd1a0ae000):  JavaThread "AppKit Thread" daemon [_thread_in_native, id=2571, stack(0x00007fff52d38000,0x00007fff53538000)]

siginfo: si_signo: 11 (SIGSEGV), si_code: 1 (SEGV_MAPERR), si_addr: 0x0000000000000000

Registers:
RAX=0x0000000000000000, RBX=0x00007ffd1948d420, RCX=0x000000012c84abe0, RDX=0x000000012c84a5e0
RSP=0x00007fff535334d8, RBP=0x00007fff53533500, RSI=0x00007fff864be7b2, RDI=0x00007ffd195733a0
R8 =0x0000000000000007, R9 =0xffffffffffffffff, R10=0x0000000000000000, R11=0x00007ffd19806800
R12=0x0000000000000094, R13=0x00007ffd19463f20, R14=0x00007ffd195733a0, R15=0x0000000000000000
RIP=0x00007fff9379c4e9, EFLAGS=0x0000000000010246, ERR=0x0000000000000004
  TRAPNO=0x000000000000000e

Top of Stack: (sp=0x00007fff535334d8)
0x00007fff535334d8:   000000012e5fe598 00007ffd1948d420
0x00007fff535334e8:   000000012e632c60 00007ffd19463f20
0x00007fff535334f8:   00007ffd1948d420 00007fff535339e0
0x00007fff53533508:   00007fff85bd989b 0000000000000000
0x00007fff53533518:   0000000000000000 4085e00000000000
0x00007fff53533528:   4085e00000000000 0000000000000000
0x00007fff53533538:   0000000000000000 4085e00000000000
0x00007fff53533548:   4085e00000000000 0000000000000000
0x00007fff53533558:   0000000000000000 4085e00000000000
0x00007fff53533568:   4086900000000000 401c000000000000
0x00007fff53533578:   4085f80000000000 0000000000000000
0x00007fff53533588:   0000000000000000 00007fff8647dd4e
0x00007fff53533598:   4085f80000000000 402c000000000000
0x00007fff535335a8:   00007ffd1948f330 0000000100000000
0x00007fff535335b8:   0000000000000000 00007ffd19464680
0x00007fff535335c8:   0000000000000000 0000000000000000
0x00007fff535335d8:   00007fff53533700 00007fff53533730
0x00007fff535335e8:   00007fff85c9c09c 401c000000000000
0x00007fff535335f8:   4085f80000000000 00007fff53533730
0x00007fff53533608:   00007fff85c9de6e 401c000000000000
0x00007fff53533618:   4085f80000000000 402c000000000000
0x00007fff53533628:   4030000000000000 0000000000000000
0x00007fff53533638:   0000000000000000 4085e00000000000
0x00007fff53533648:   4086900000000000 401c000000000000
0x00007fff53533658:   4085f80000000000 000000010c6ea600
0x00007fff53533668:   000000000000001f 00007ffd1b8f3270
0x00007fff53533678:   0000000000000006 000000010c6ea600
0x00007fff53533688:   0000000000000023 00007ffd1b8f31e0
0x00007fff53533698:   0000000000000006 0000000000000f32
0x00007fff535336a8:   000000010c6e3000 00007fff53533750
0x00007fff535336b8:   00007fff92062dcc 00007ffd1b800000
0x00007fff535336c8:   00007ffd1b8f3270 0000000000000f33 

Instructions: (pc=0x00007fff9379c4e9)
0x00007fff9379c4c9:   01 2e 75 66 49 bb f8 ff ff ff ff 7f 00 00 4c 23
0x00007fff9379c4d9:   1f 49 89 f2 45 23 53 18 49 c1 e2 04 4d 03 53 10
0x00007fff9379c4e9:   49 3b 32 75 04 41 ff 62 08 49 83 3a 01 76 0d 49
0x00007fff9379c4f9:   83 c2 10 49 3b 32 75 f1 41 ff 62 08 72 40 4d 8b 

Register to memory mapping:

RAX=0x0000000000000000 is an unknown value
RBX=0x00007ffd1948d420 is an unknown value
RCX=0x000000012c84abe0 is an unknown value
RDX=0x000000012c84a5e0 is an unknown value
RSP=0x00007fff535334d8 is pointing into the stack for thread: 0x00007ffd1a0ae000
RBP=0x00007fff53533500 is pointing into the stack for thread: 0x00007ffd1a0ae000
RSI=0x00007fff864be7b2: -[NSTitlebarContainerView transparent]+0x62ff0 in /System/Library/Frameworks/AppKit.framework/Versions/C/AppKit at 0x00007fff85a31000
RDI=0x00007ffd195733a0 is an unknown value
R8 =0x0000000000000007 is an unknown value
R9 =0xffffffffffffffff is an unknown value
R10=0x0000000000000000 is an unknown value
R11=0x00007ffd19806800 is a thread
R12=0x0000000000000094 is an unknown value
R13=0x00007ffd19463f20 is an unknown value
R14=0x00007ffd195733a0 is an unknown value
R15=0x0000000000000000 is an unknown value


Stack: [0x00007fff52d38000,0x00007fff53538000],  sp=0x00007fff535334d8,  free space=8173k
Native frames: (J=compiled Java code, j=interpreted, Vv=VM code, C=native code)
C  [libobjc.A.dylib+0x14e9]  objc_msgSend+0x29
C  [AppKit+0x1a889b]  -[NSView _recursiveDisplayRectIfNeededIgnoringOpacity:isVisibleRect:rectIsVisibleRectForView:topView:]+0x6e2
C  [AppKit+0x1a9889]  -[NSView _recursiveDisplayRectIfNeededIgnoringOpacity:isVisibleRect:rectIsVisibleRectForView:topView:]+0x16d0
C  [AppKit+0x1a7ce4]  -[NSThemeFrame _recursiveDisplayRectIfNeededIgnoringOpacity:isVisibleRect:rectIsVisibleRectForView:topView:]+0x14e
C  [AppKit+0x1a60ef]  -[NSView _displayRectIgnoringOpacity:isVisibleRect:rectIsVisibleRectForView:]+0x991
C  [AppKit+0x1a14f9]  -[NSView displayIfNeeded]+0x79e
C  [AppKit+0x1a0d40]  -[NSWindow displayIfNeeded]+0xe8
C  [AppKit+0x8254bb]  ___NSWindowGetDisplayCycleObserver_block_invoke6365+0x1dc
C  [AppKit+0x1a06da]  __37+[NSDisplayCycle currentDisplayCycle]_block_invoke+0x3ad
C  [QuartzCore+0x10f71]  CA::Transaction::run_commit_handlers(CATransactionPhase)+0x55
C  [QuartzCore+0x1042c]  CA::Context::commit_transaction(CA::Transaction*)+0xa0
C  [QuartzCore+0x100ec]  CA::Transaction::commit()+0x1fc
C  [QuartzCore+0x1b977]  CA::Transaction::observer_callback(__CFRunLoopObserver*, unsigned long, void*)+0x47
C  [CoreFoundation+0xaa067]  __CFRUNLOOP_IS_CALLING_OUT_TO_AN_OBSERVER_CALLBACK_FUNCTION__+0x17
C  [CoreFoundation+0xa9fd7]  __CFRunLoopDoObservers+0x187
C  [CoreFoundation+0x88ef8]  CFRunLoopRunSpecific+0x148
C  [HIToolbox+0x30935]  RunCurrentEventLoopInMode+0xeb
C  [HIToolbox+0x30677]  ReceiveNextEventCommon+0xb8
C  [HIToolbox+0x305af]  _BlockUntilNextEventMatchingListInModeWithFilter+0x47
C  [AppKit+0x48efa]  _DPSNextEvent+0x42b
C  [AppKit+0x4832a]  -[NSApplication _nextEventMatchingEventMask:untilDate:inMode:dequeue:]+0x1c6
C  [libosxapp.dylib+0x23aa]  -[NSApplicationAWT nextEventMatchingMask:untilDate:inMode:dequeue:]+0x7c
C  [AppKit+0x3ce84]  -[NSApplication run]+0x2aa
C  [libosxapp.dylib+0x214d]  +[NSApplicationAWT runAWTLoopWithApp:]+0x9c
C  [libawt_lwawt.dylib+0x4455b]  -[AWTStarter starter:]+0x389
C  [Foundation+0x76f5e]  __NSThreadPerformPerform+0x117
C  [CoreFoundation+0xaa881]  __CFRUNLOOP_IS_CALLING_OUT_TO_A_SOURCE0_PERFORM_FUNCTION__+0x11
C  [CoreFoundation+0x89fbc]  __CFRunLoopDoSources0+0x22c
C  [CoreFoundation+0x894df]  __CFRunLoopRun+0x39f
C  [CoreFoundation+0x88ed8]  CFRunLoopRunSpecific+0x128
C  [java+0x6463]  CreateExecutionEnvironment+0x367
C  [java+0x21ac]  JLI_Launch+0x7a0
C  [java+0x84c0]  main+0x65
C  [java+0x1a04]  start+0x34
C  0x0000000000000006


---------------  P R O C E S S  ---------------

Java Threads: ( => current thread )
  0x00007ffd1b014000 JavaThread "AWT-Shutdown" [_thread_blocked, id=28427, stack(0x00007000014d6000,0x00007000015d6000)]
  0x00007ffd1a3db000 JavaThread "Java2D Queue Flusher" daemon [_thread_blocked, id=77319, stack(0x0000700001bfa000,0x0000700001cfa000)]
  0x00007ffd1b194000 JavaThread "Java2D Disposer" daemon [_thread_blocked, id=75819, stack(0x0000700001af7000,0x0000700001bf7000)]
=>0x00007ffd1a0ae000 JavaThread "AppKit Thread" daemon [_thread_in_native, id=2571, stack(0x00007fff52d38000,0x00007fff53538000)]
  0x00007ffd1b035000 JavaThread "Service Thread" daemon [_thread_blocked, id=20995, stack(0x00007000012d0000,0x00007000013d0000)]
  0x00007ffd1a056000 JavaThread "C1 CompilerThread3" daemon [_thread_blocked, id=20483, stack(0x00007000011cd000,0x00007000012cd000)]
  0x00007ffd1c800000 JavaThread "C2 CompilerThread2" daemon [_thread_blocked, id=19971, stack(0x00007000010ca000,0x00007000011ca000)]
  0x00007ffd1a04d800 JavaThread "C2 CompilerThread1" daemon [_thread_blocked, id=19459, stack(0x0000700000fc7000,0x00007000010c7000)]
  0x00007ffd1984b000 JavaThread "C2 CompilerThread0" daemon [_thread_blocked, id=18947, stack(0x0000700000ec4000,0x0000700000fc4000)]
  0x00007ffd1984a000 JavaThread "Signal Dispatcher" daemon [_thread_blocked, id=15887, stack(0x0000700000dc1000,0x0000700000ec1000)]
  0x00007ffd1b00e000 JavaThread "Finalizer" daemon [_thread_blocked, id=14339, stack(0x0000700000c3b000,0x0000700000d3b000)]
  0x00007ffd1b00d000 JavaThread "Reference Handler" daemon [_thread_blocked, id=13827, stack(0x0000700000b38000,0x0000700000c38000)]
  0x00007ffd19806800 JavaThread "main" [_thread_in_native, id=5891, stack(0x000070000011a000,0x000070000021a000)]

Other Threads:
  0x00007ffd1b00a800 VMThread [stack: 0x0000700000a35000,0x0000700000b35000] [id=13315]
  0x00007ffd1984b800 WatcherThread [stack: 0x00007000013d3000,0x00007000014d3000] [id=21507]

VM state:not at safepoint (normal execution)

VM Mutex/Monitor currently owned by a thread: None

Heap:
 PSYoungGen      total 76288K, used 56747K [0x000000076ab00000, 0x0000000770000000, 0x00000007c0000000)
  eden space 65536K, 80% used [0x000000076ab00000,0x000000076de7ad60,0x000000076eb00000)
  from space 10752K, 37% used [0x000000076eb00000,0x000000076eef0058,0x000000076f580000)
  to   space 10752K, 0% used [0x000000076f580000,0x000000076f580000,0x0000000770000000)
 ParOldGen       total 175104K, used 32784K [0x00000006c0000000, 0x00000006cab00000, 0x000000076ab00000)
  object space 175104K, 18% used [0x00000006c0000000,0x00000006c2004010,0x00000006cab00000)
 Metaspace       used 10059K, capacity 10273K, committed 10368K, reserved 1058816K
  class space    used 1067K, capacity 1151K, committed 1152K, reserved 1048576K

Card table byte_map: [0x000000011dd46000,0x000000011e547000] byte_map_base: 0x000000011a746000

Marking Bits: (ParMarkBitMap*) 0x000000010e2dde20
 Begin Bits: [0x000000011ea9d000, 0x0000000122a9d000)
 End Bits:   [0x0000000122a9d000, 0x0000000126a9d000)

Polling page: 0x000000010c98b000

CodeCache: size=245760Kb used=4350Kb max_used=4358Kb free=241409Kb
 bounds [0x000000010e986000, 0x000000010edd6000, 0x000000011d986000]
 total_blobs=1587 nmethods=1066 adapters=435
 compilation: enabled

Compilation events (10 events):
Event: 86.650 Thread 0x00007ffd1a056000 1062       3       java.nio.Bits::int1 (6 bytes)
Event: 86.650 Thread 0x00007ffd1a056000 nmethod 1062 0x000000010edbccd0 code [0x000000010edbce20, 0x000000010edbcf50]
Event: 86.651 Thread 0x00007ffd1a056000 1063       3       java.nio.Bits::int0 (3 bytes)
Event: 86.651 Thread 0x00007ffd1a056000 nmethod 1063 0x000000010edbc9d0 code [0x000000010edbcb20, 0x000000010edbcc50]
Event: 86.667 Thread 0x00007ffd1a056000 1064       3       java.nio.Bits::putIntB (43 bytes)
Event: 86.668 Thread 0x00007ffd1a056000 nmethod 1064 0x000000010edc4850 code [0x000000010edc4a00, 0x000000010edc4fd8]
Event: 86.799 Thread 0x00007ffd1a056000 1065       3       java.nio.Bits::makeInt (29 bytes)
Event: 86.799 Thread 0x00007ffd1a056000 nmethod 1065 0x000000010edbc690 code [0x000000010edbc7e0, 0x000000010edbc930]
Event: 86.825 Thread 0x00007ffd1a056000 1066       3       java.nio.Buffer::clear (20 bytes)
Event: 86.825 Thread 0x00007ffd1a056000 nmethod 1066 0x000000010edc4510 code [0x000000010edc4660, 0x000000010edc47d0]

GC Heap History (2 events):
Event: 1.836 GC heap before
{Heap before GC invocations=1 (full 0):
 PSYoungGen      total 76288K, used 50601K [0x000000076ab00000, 0x0000000770000000, 0x00000007c0000000)
  eden space 65536K, 77% used [0x000000076ab00000,0x000000076dc6a770,0x000000076eb00000)
  from space 10752K, 0% used [0x000000076f580000,0x000000076f580000,0x0000000770000000)
  to   space 10752K, 0% used [0x000000076eb00000,0x000000076eb00000,0x000000076f580000)
 ParOldGen       total 175104K, used 32768K [0x00000006c0000000, 0x00000006cab00000, 0x000000076ab00000)
  object space 175104K, 18% used [0x00000006c0000000,0x00000006c2000010,0x00000006cab00000)
 Metaspace       used 7348K, capacity 7503K, committed 7808K, reserved 1056768K
  class space    used 754K, capacity 826K, committed 896K, reserved 1048576K
Event: 1.841 GC heap after
Heap after GC invocations=1 (full 0):
 PSYoungGen      total 76288K, used 4032K [0x000000076ab00000, 0x0000000770000000, 0x00000007c0000000)
  eden space 65536K, 0% used [0x000000076ab00000,0x000000076ab00000,0x000000076eb00000)
  from space 10752K, 37% used [0x000000076eb00000,0x000000076eef0058,0x000000076f580000)
  to   space 10752K, 0% used [0x000000076f580000,0x000000076f580000,0x0000000770000000)
 ParOldGen       total 175104K, used 32784K [0x00000006c0000000, 0x00000006cab00000, 0x000000076ab00000)
  object space 175104K, 18% used [0x00000006c0000000,0x00000006c2004010,0x00000006cab00000)
 Metaspace       used 7348K, capacity 7503K, committed 7808K, reserved 1056768K
  class space    used 754K, capacity 826K, committed 896K, reserved 1048576K
}

Deoptimization events (10 events):
Event: 1.834 Thread 0x00007ffd19806800 Uncommon trap: reason=unstable_if action=reinterpret pc=0x000000010ebd0d78 method=org.newdawn.slick.openal.OggInputStream.atEnd()Z @ 4
Event: 1.898 Thread 0x00007ffd19806800 Uncommon trap: reason=unstable_if action=reinterpret pc=0x000000010ec708a8 method=java.lang.String.indexOf([CII[CIII)I @ 3
Event: 1.902 Thread 0x00007ffd19806800 Uncommon trap: reason=class_check action=maybe_recompile pc=0x000000010eb9d638 method=java.util.HashMap.putVal(ILjava/lang/Object;Ljava/lang/Object;ZZ)Ljava/lang/Object; @ 253
Event: 1.902 Thread 0x00007ffd19806800 Uncommon trap: reason=class_check action=maybe_recompile pc=0x000000010eb9d638 method=java.util.HashMap.putVal(ILjava/lang/Object;Ljava/lang/Object;ZZ)Ljava/lang/Object; @ 253
Event: 1.902 Thread 0x00007ffd19806800 Uncommon trap: reason=class_check action=maybe_recompile pc=0x000000010eb9d638 method=java.util.HashMap.putVal(ILjava/lang/Object;Ljava/lang/Object;ZZ)Ljava/lang/Object; @ 253
Event: 1.902 Thread 0x00007ffd19806800 Uncommon trap: reason=class_check action=maybe_recompile pc=0x000000010eb9d638 method=java.util.HashMap.putVal(ILjava/lang/Object;Ljava/lang/Object;ZZ)Ljava/lang/Object; @ 253
Event: 2.063 Thread 0x00007ffd19806800 Uncommon trap: reason=unstable_if action=reinterpret pc=0x000000010ecd7b4c method=sun.java2d.loops.OpaqueCopyAnyToArgb.Blit(Lsun/java2d/SurfaceData;Lsun/java2d/SurfaceData;Ljava/awt/Composite;Lsun/java2d/pipe/Region;IIIIII)V @ 150
Event: 2.097 Thread 0x00007ffd19806800 Uncommon trap: reason=unstable_if action=reinterpret pc=0x000000010ece6858 method=sun.java2d.loops.OpaqueCopyArgbToAny.Blit(Lsun/java2d/SurfaceData;Lsun/java2d/SurfaceData;Ljava/awt/Composite;Lsun/java2d/pipe/Region;IIIIII)V @ 159
Event: 2.097 Thread 0x00007ffd19806800 Uncommon trap: reason=unstable_if action=reinterpret pc=0x000000010ece7e10 method=java.awt.image.ComponentColorModel.getDataElements(ILjava/lang/Object;)Ljava/lang/Object; @ 2993
Event: 2.098 Thread 0x00007ffd19806800 Uncommon trap: reason=unstable_if action=reinterpret pc=0x000000010eccb76c method=sun.awt.image.ByteInterleavedRaster.getDataElements(IILjava/lang/Object;)Ljava/lang/Object; @ 43

Internal exceptions (10 events):
Event: 0.779 Thread 0x00007ffd19806800 Exception <a 'java/security/PrivilegedActionException'> (0x000000076b909b18) thrown at [/HUDSON3/workspace/8-2-build-macosx-x86_64/jdk8u66/4988/hotspot/src/share/vm/prims/jvm.cpp, line 1386]
Event: 0.779 Thread 0x00007ffd19806800 Exception <a 'java/security/PrivilegedActionException'> (0x000000076b90b700) thrown at [/HUDSON3/workspace/8-2-build-macosx-x86_64/jdk8u66/4988/hotspot/src/share/vm/prims/jvm.cpp, line 1386]
Event: 0.779 Thread 0x00007ffd19806800 Exception <a 'java/security/PrivilegedActionException'> (0x000000076b90c820) thrown at [/HUDSON3/workspace/8-2-build-macosx-x86_64/jdk8u66/4988/hotspot/src/share/vm/prims/jvm.cpp, line 1386]
Event: 0.779 Thread 0x00007ffd19806800 Exception <a 'java/security/PrivilegedActionException'> (0x000000076b911940) thrown at [/HUDSON3/workspace/8-2-build-macosx-x86_64/jdk8u66/4988/hotspot/src/share/vm/prims/jvm.cpp, line 1386]
Event: 0.779 Thread 0x00007ffd19806800 Exception <a 'java/security/PrivilegedActionException'> (0x000000076b912598) thrown at [/HUDSON3/workspace/8-2-build-macosx-x86_64/jdk8u66/4988/hotspot/src/share/vm/prims/jvm.cpp, line 1386]
Event: 0.779 Thread 0x00007ffd19806800 Exception <a 'java/security/PrivilegedActionException'> (0x000000076b9131c0) thrown at [/HUDSON3/workspace/8-2-build-macosx-x86_64/jdk8u66/4988/hotspot/src/share/vm/prims/jvm.cpp, line 1386]
Event: 1.834 Thread 0x00007ffd19806800 Implicit null exception at 0x000000010ec407be to 0x000000010ec40f25
Event: 1.834 Thread 0x00007ffd19806800 Implicit null exception at 0x000000010ec37603 to 0x000000010ec38b85
Event: 2.097 Thread 0x00007ffd19806800 Implicit null exception at 0x000000010ece7826 to 0x000000010ece7df5
Event: 2.098 Thread 0x00007ffd19806800 Implicit null exception at 0x000000010eccb524 to 0x000000010eccb751

Events (10 events):
Event: 27.619 Executing VM operation: RevokeBias
Event: 27.619 Executing VM operation: RevokeBias done
Event: 27.619 Thread 0x00007ffd1a84d800 Thread exited: 0x00007ffd1a84d800
Event: 30.342 Thread 0x00007ffd19802800 Thread added: 0x00007ffd19802800
Event: 31.355 Executing VM operation: RevokeBias
Event: 31.355 Executing VM operation: RevokeBias done
Event: 31.355 Thread 0x00007ffd19802800 Thread exited: 0x00007ffd19802800
Event: 86.532 Thread 0x00007ffd1b014000 Thread added: 0x00007ffd1b014000
Event: 87.630 loading class org/lwjgl/opengl/CallbackUtil
Event: 87.630 loading class org/lwjgl/opengl/CallbackUtil done


Dynamic libraries:
0x0000000002d72000 	/System/Library/Frameworks/Cocoa.framework/Versions/A/Cocoa
0x0000000002d72000 	/System/Library/Frameworks/Security.framework/Versions/A/Security
0x0000000002d72000 	/System/Library/Frameworks/ApplicationServices.framework/Versions/A/ApplicationServices
0x0000000002d72000 	/usr/lib/libz.1.dylib
0x0000000002d72000 	/usr/lib/libSystem.B.dylib
0x0000000002d72000 	/usr/lib/libobjc.A.dylib
0x0000000002d72000 	/System/Library/Frameworks/CoreFoundation.framework/Versions/A/CoreFoundation
0x0000000002d72000 	/System/Library/Frameworks/Foundation.framework/Versions/C/Foundation
0x0000000002d72000 	/System/Library/Frameworks/AppKit.framework/Versions/C/AppKit
0x0000000002d72000 	/System/Library/Frameworks/CoreData.framework/Versions/A/CoreData
0x0000000002d72000 	/System/Library/PrivateFrameworks/RemoteViewServices.framework/Versions/A/RemoteViewServices
0x0000000002d72000 	/System/Library/PrivateFrameworks/UIFoundation.framework/Versions/A/UIFoundation
0x0000000002d72000 	/usr/lib/libScreenReader.dylib
0x0000000002d72000 	/System/Library/Frameworks/Accelerate.framework/Versions/A/Accelerate
0x0000000002d72000 	/System/Library/Frameworks/IOSurface.framework/Versions/A/IOSurface
0x0000000002d72000 	/System/Library/Frameworks/AudioToolbox.framework/Versions/A/AudioToolbox
0x0000000002d72000 	/System/Library/Frameworks/AudioUnit.framework/Versions/A/AudioUnit
0x0000000002d72000 	/System/Library/PrivateFrameworks/DataDetectorsCore.framework/Versions/A/DataDetectorsCore
0x0000000002d72000 	/System/Library/PrivateFrameworks/DesktopServicesPriv.framework/Versions/A/DesktopServicesPriv
0x0000000002d72000 	/System/Library/Frameworks/Carbon.framework/Versions/A/Frameworks/HIToolbox.framework/Versions/A/HIToolbox
0x0000000002d72000 	/System/Library/Frameworks/QuartzCore.framework/Versions/A/QuartzCore
0x0000000002d72000 	/System/Library/Frameworks/Carbon.framework/Versions/A/Frameworks/SpeechRecognition.framework/Versions/A/SpeechRecognition
0x0000000002d72000 	/usr/lib/libauto.dylib
0x0000000002d72000 	/usr/lib/libicucore.A.dylib
0x0000000002d72000 	/usr/lib/libxml2.2.dylib
0x0000000002d72000 	/System/Library/PrivateFrameworks/CoreUI.framework/Versions/A/CoreUI
0x0000000002d72000 	/System/Library/Frameworks/CoreAudio.framework/Versions/A/CoreAudio
0x0000000002d72000 	/System/Library/Frameworks/DiskArbitration.framework/Versions/A/DiskArbitration
0x0000000002d72000 	/usr/lib/liblangid.dylib
0x0000000002d72000 	/System/Library/PrivateFrameworks/MultitouchSupport.framework/Versions/A/MultitouchSupport
0x0000000002d72000 	/System/Library/Frameworks/IOKit.framework/Versions/A/IOKit
0x0000000002d72000 	/usr/lib/libDiagnosticMessagesClient.dylib
0x0000000002d72000 	/System/Library/Frameworks/CoreServices.framework/Versions/A/CoreServices
0x0000000002d72000 	/System/Library/PrivateFrameworks/PerformanceAnalysis.framework/Versions/A/PerformanceAnalysis
0x0000000002d72000 	/System/Library/PrivateFrameworks/GenerationalStorage.framework/Versions/A/GenerationalStorage
0x0000000002d72000 	/System/Library/Frameworks/OpenGL.framework/Versions/A/OpenGL
0x0000000002d72000 	/System/Library/PrivateFrameworks/Sharing.framework/Versions/A/Sharing
0x0000000002d72000 	/System/Library/Frameworks/CoreGraphics.framework/Versions/A/CoreGraphics
0x0000000002d72000 	/System/Library/Frameworks/CoreImage.framework/Versions/A/CoreImage
0x0000000002d72000 	/System/Library/Frameworks/CoreText.framework/Versions/A/CoreText
0x0000000002d72000 	/System/Library/Frameworks/ImageIO.framework/Versions/A/ImageIO
0x0000000002d72000 	/System/Library/PrivateFrameworks/Backup.framework/Versions/A/Backup
0x0000000002d72000 	/usr/lib/libextension.dylib
0x0000000002d72000 	/usr/lib/libarchive.2.dylib
0x0000000002d72000 	/System/Library/Frameworks/CFNetwork.framework/Versions/A/CFNetwork
0x0000000002d72000 	/System/Library/Frameworks/SystemConfiguration.framework/Versions/A/SystemConfiguration
0x0000000002d72000 	/usr/lib/libCRFSuite.dylib
0x0000000002d72000 	/usr/lib/libc++.1.dylib
0x0000000002d72000 	/usr/lib/libc++abi.dylib
0x0000000002d72000 	/usr/lib/system/libcache.dylib
0x0000000002d72000 	/usr/lib/system/libcommonCrypto.dylib
0x0000000002d72000 	/usr/lib/system/libcompiler_rt.dylib
0x0000000002d72000 	/usr/lib/system/libcopyfile.dylib
0x0000000002d72000 	/usr/lib/system/libcorecrypto.dylib
0x0000000002d72000 	/usr/lib/system/libdispatch.dylib
0x0000000002d72000 	/usr/lib/system/libdyld.dylib
0x0000000002d72000 	/usr/lib/system/libkeymgr.dylib
0x0000000002d72000 	/usr/lib/system/liblaunch.dylib
0x0000000002d72000 	/usr/lib/system/libmacho.dylib
0x0000000002d72000 	/usr/lib/system/libquarantine.dylib
0x0000000002d72000 	/usr/lib/system/libremovefile.dylib
0x0000000002d72000 	/usr/lib/system/libsystem_asl.dylib
0x0000000002d72000 	/usr/lib/system/libsystem_blocks.dylib
0x0000000002d72000 	/usr/lib/system/libsystem_c.dylib
0x0000000002d72000 	/usr/lib/system/libsystem_configuration.dylib
0x0000000002d72000 	/usr/lib/system/libsystem_coreservices.dylib
0x0000000002d72000 	/usr/lib/system/libsystem_coretls.dylib
0x0000000002d72000 	/usr/lib/system/libsystem_dnssd.dylib
0x0000000002d72000 	/usr/lib/system/libsystem_info.dylib
0x0000000002d72000 	/usr/lib/system/libsystem_kernel.dylib
0x0000000002d72000 	/usr/lib/system/libsystem_m.dylib
0x0000000002d72000 	/usr/lib/system/libsystem_malloc.dylib
0x0000000002d72000 	/usr/lib/system/libsystem_network.dylib
0x0000000002d72000 	/usr/lib/system/libsystem_networkextension.dylib
0x0000000002d72000 	/usr/lib/system/libsystem_notify.dylib
0x0000000002d72000 	/usr/lib/system/libsystem_platform.dylib
0x0000000002d72000 	/usr/lib/system/libsystem_pthread.dylib
0x0000000002d72000 	/usr/lib/system/libsystem_sandbox.dylib
0x0000000002d72000 	/usr/lib/system/libsystem_secinit.dylib
0x0000000002d72000 	/usr/lib/system/libsystem_trace.dylib
0x0000000002d72000 	/usr/lib/system/libunc.dylib
0x0000000002d72000 	/usr/lib/system/libunwind.dylib
0x0000000002d72000 	/usr/lib/system/libxpc.dylib
0x0000000002d72000 	/usr/lib/libenergytrace.dylib
0x0000000002d72000 	/usr/lib/libbsm.0.dylib
0x0000000002d72000 	/usr/lib/system/libkxld.dylib
0x0000000002d72000 	/usr/lib/libxar.1.dylib
0x0000000002d72000 	/usr/lib/libsqlite3.dylib
0x0000000002d72000 	/usr/lib/libpam.2.dylib
0x0000000002d72000 	/usr/lib/libOpenScriptingUtil.dylib
0x0000000002d72000 	/usr/lib/libbz2.1.0.dylib
0x0000000002d72000 	/usr/lib/liblzma.5.dylib
0x0000000002d72000 	/System/Library/Frameworks/CoreServices.framework/Versions/A/Frameworks/FSEvents.framework/Versions/A/FSEvents
0x0000000002d72000 	/System/Library/Frameworks/CoreServices.framework/Versions/A/Frameworks/CarbonCore.framework/Versions/A/CarbonCore
0x0000000002d72000 	/System/Library/Frameworks/CoreServices.framework/Versions/A/Frameworks/Metadata.framework/Versions/A/Metadata
0x0000000002d72000 	/System/Library/Frameworks/CoreServices.framework/Versions/A/Frameworks/OSServices.framework/Versions/A/OSServices
0x0000000002d72000 	/System/Library/Frameworks/CoreServices.framework/Versions/A/Frameworks/SearchKit.framework/Versions/A/SearchKit
0x0000000002d72000 	/System/Library/Frameworks/CoreServices.framework/Versions/A/Frameworks/AE.framework/Versions/A/AE
0x0000000002d72000 	/System/Library/Frameworks/CoreServices.framework/Versions/A/Frameworks/LaunchServices.framework/Versions/A/LaunchServices
0x0000000002d72000 	/System/Library/Frameworks/CoreServices.framework/Versions/A/Frameworks/DictionaryServices.framework/Versions/A/DictionaryServices
0x0000000002d72000 	/System/Library/Frameworks/CoreServices.framework/Versions/A/Frameworks/SharedFileList.framework/Versions/A/SharedFileList
0x0000000002d72000 	/System/Library/Frameworks/NetFS.framework/Versions/A/NetFS
0x0000000002d72000 	/System/Library/PrivateFrameworks/NetAuth.framework/Versions/A/NetAuth
0x0000000002d72000 	/System/Library/PrivateFrameworks/login.framework/Versions/A/Frameworks/loginsupport.framework/Versions/A/loginsupport
0x0000000002d72000 	/System/Library/PrivateFrameworks/TCC.framework/Versions/A/TCC
0x0000000002d72000 	/usr/lib/libmecabra.dylib
0x0000000002d72000 	/System/Library/Frameworks/ApplicationServices.framework/Versions/A/Frameworks/ATS.framework/Versions/A/ATS
0x0000000002d72000 	/System/Library/Frameworks/ApplicationServices.framework/Versions/A/Frameworks/ColorSync.framework/Versions/A/ColorSync
0x0000000002d72000 	/System/Library/Frameworks/ApplicationServices.framework/Versions/A/Frameworks/HIServices.framework/Versions/A/HIServices
0x0000000002d72000 	/System/Library/Frameworks/ApplicationServices.framework/Versions/A/Frameworks/LangAnalysis.framework/Versions/A/LangAnalysis
0x0000000002d72000 	/System/Library/Frameworks/ApplicationServices.framework/Versions/A/Frameworks/PrintCore.framework/Versions/A/PrintCore
0x0000000002d72000 	/System/Library/Frameworks/ApplicationServices.framework/Versions/A/Frameworks/QD.framework/Versions/A/QD
0x0000000002d72000 	/System/Library/Frameworks/ApplicationServices.framework/Versions/A/Frameworks/SpeechSynthesis.framework/Versions/A/SpeechSynthesis
0x0000000002d72000 	/System/Library/Frameworks/Metal.framework/Versions/A/Metal
0x0000000002d72000 	/System/Library/Frameworks/Accelerate.framework/Versions/A/Frameworks/vImage.framework/Versions/A/vImage
0x0000000002d72000 	/System/Library/Frameworks/Accelerate.framework/Versions/A/Frameworks/vecLib.framework/Versions/A/vecLib
0x0000000002d72000 	/System/Library/Frameworks/Accelerate.framework/Versions/A/Frameworks/vecLib.framework/Versions/A/libvDSP.dylib
0x0000000002d72000 	/System/Library/Frameworks/Accelerate.framework/Versions/A/Frameworks/vecLib.framework/Versions/A/libvMisc.dylib
0x0000000002d72000 	/System/Library/Frameworks/Accelerate.framework/Versions/A/Frameworks/vecLib.framework/Versions/A/libLAPACK.dylib
0x0000000002d72000 	/System/Library/Frameworks/Accelerate.framework/Versions/A/Frameworks/vecLib.framework/Versions/A/libBLAS.dylib
0x0000000002d72000 	/System/Library/Frameworks/Accelerate.framework/Versions/A/Frameworks/vecLib.framework/Versions/A/libLinearAlgebra.dylib
0x0000000002d72000 	/System/Library/Frameworks/Accelerate.framework/Versions/A/Frameworks/vecLib.framework/Versions/A/libSparseBLAS.dylib
0x0000000002d72000 	/System/Library/PrivateFrameworks/GPUCompiler.framework/libmetal_timestamp.dylib
0x0000000002d72000 	/System/Library/Frameworks/OpenGL.framework/Versions/A/Libraries/libCoreFSCache.dylib
0x0000000002d72000 	/System/Library/PrivateFrameworks/IOAccelerator.framework/Versions/A/IOAccelerator
0x0000000002d72000 	/System/Library/Frameworks/ApplicationServices.framework/Versions/A/Frameworks/ATS.framework/Versions/A/Resources/libFontParser.dylib
0x0000000002d72000 	/System/Library/Frameworks/ApplicationServices.framework/Versions/A/Frameworks/ATS.framework/Versions/A/Resources/libFontRegistry.dylib
0x0000000002d72000 	/System/Library/PrivateFrameworks/AppleVPA.framework/Versions/A/AppleVPA
0x0000000002d72000 	/System/Library/PrivateFrameworks/AppleJPEG.framework/Versions/A/AppleJPEG
0x0000000002d72000 	/System/Library/Frameworks/ImageIO.framework/Versions/A/Resources/libJPEG.dylib
0x0000000002d72000 	/System/Library/Frameworks/ImageIO.framework/Versions/A/Resources/libTIFF.dylib
0x0000000002d72000 	/System/Library/Frameworks/ImageIO.framework/Versions/A/Resources/libPng.dylib
0x0000000002d72000 	/System/Library/Frameworks/ImageIO.framework/Versions/A/Resources/libGIF.dylib
0x0000000002d72000 	/System/Library/Frameworks/ImageIO.framework/Versions/A/Resources/libJP2.dylib
0x0000000002d72000 	/System/Library/Frameworks/ImageIO.framework/Versions/A/Resources/libRadiance.dylib
0x0000000002d72000 	/System/Library/Frameworks/CoreVideo.framework/Versions/A/CoreVideo
0x0000000002d72000 	/System/Library/Frameworks/OpenGL.framework/Versions/A/Libraries/libGLU.dylib
0x0000000002d72000 	/System/Library/Frameworks/OpenGL.framework/Versions/A/Libraries/libGFXShared.dylib
0x0000000002d72000 	/System/Library/Frameworks/OpenGL.framework/Versions/A/Libraries/libGL.dylib
0x0000000002d72000 	/System/Library/Frameworks/OpenGL.framework/Versions/A/Libraries/libGLImage.dylib
0x0000000002d72000 	/System/Library/Frameworks/OpenGL.framework/Versions/A/Libraries/libCVMSPluginSupport.dylib
0x0000000002d72000 	/System/Library/Frameworks/OpenGL.framework/Versions/A/Libraries/libCoreVMClient.dylib
0x0000000002d72000 	/usr/lib/libcups.2.dylib
0x0000000002d72000 	/System/Library/Frameworks/Kerberos.framework/Versions/A/Kerberos
0x0000000002d72000 	/System/Library/Frameworks/GSS.framework/Versions/A/GSS
0x0000000002d72000 	/usr/lib/libresolv.9.dylib
0x0000000002d72000 	/usr/lib/libiconv.2.dylib
0x0000000002d72000 	/System/Library/PrivateFrameworks/Heimdal.framework/Versions/A/Heimdal
0x0000000002d72000 	/usr/lib/libheimdal-asn1.dylib
0x0000000002d72000 	/System/Library/Frameworks/OpenDirectory.framework/Versions/A/OpenDirectory
0x0000000002d72000 	/System/Library/PrivateFrameworks/CommonAuth.framework/Versions/A/CommonAuth
0x0000000002d72000 	/System/Library/Frameworks/OpenDirectory.framework/Versions/A/Frameworks/CFOpenDirectory.framework/Versions/A/CFOpenDirectory
0x0000000002d72000 	/System/Library/Frameworks/SecurityFoundation.framework/Versions/A/SecurityFoundation
0x0000000002d72000 	/System/Library/PrivateFrameworks/LanguageModeling.framework/Versions/A/LanguageModeling
0x0000000002d72000 	/usr/lib/libmarisa.dylib
0x0000000002d72000 	/usr/lib/libChineseTokenizer.dylib
0x0000000002d72000 	/usr/lib/libcmph.dylib
0x0000000002d72000 	/usr/lib/libcompression.dylib
0x0000000002d72000 	/System/Library/Frameworks/ServiceManagement.framework/Versions/A/ServiceManagement
0x0000000002d72000 	/usr/lib/libxslt.1.dylib
0x0000000002d72000 	/System/Library/Frameworks/Carbon.framework/Versions/A/Frameworks/Ink.framework/Versions/A/Ink
0x0000000002d72000 	/usr/lib/libFosl_dynamic.dylib
0x0000000002d72000 	/System/Library/PrivateFrameworks/FaceCore.framework/Versions/A/FaceCore
0x0000000002d72000 	/System/Library/Frameworks/OpenCL.framework/Versions/A/OpenCL
0x0000000002d72000 	/System/Library/PrivateFrameworks/CrashReporterSupport.framework/Versions/A/CrashReporterSupport
0x0000000002d72000 	/System/Library/PrivateFrameworks/IconServices.framework/Versions/A/IconServices
0x0000000002d72000 	/System/Library/PrivateFrameworks/Apple80211.framework/Versions/A/Apple80211
0x0000000002d72000 	/System/Library/Frameworks/CoreWLAN.framework/Versions/A/CoreWLAN
0x0000000002d72000 	/System/Library/Frameworks/IOBluetooth.framework/Versions/A/IOBluetooth
0x0000000002d72000 	/System/Library/PrivateFrameworks/CoreWiFi.framework/Versions/A/CoreWiFi
0x0000000002d72000 	/System/Library/Frameworks/CoreBluetooth.framework/Versions/A/CoreBluetooth
0x0000000002d72000 	/System/Library/PrivateFrameworks/ChunkingLibrary.framework/Versions/A/ChunkingLibrary
0x0000000002d72000 	/System/Library/PrivateFrameworks/DebugSymbols.framework/Versions/A/DebugSymbols
0x0000000002d72000 	/System/Library/PrivateFrameworks/CoreSymbolication.framework/Versions/A/CoreSymbolication
0x0000000002d72000 	/System/Library/PrivateFrameworks/Symbolication.framework/Versions/A/Symbolication
0x0000000002d72000 	/System/Library/PrivateFrameworks/SpeechRecognitionCore.framework/Versions/A/SpeechRecognitionCore
0x000000010da00000 	/Library/Java/JavaVirtualMachines/jdk1.8.0_66.jdk/Contents/Home/jre/lib/server/libjvm.dylib
0x0000000002d72000 	/usr/lib/libstdc++.6.dylib
0x000000010c948000 	/Library/Java/JavaVirtualMachines/jdk1.8.0_66.jdk/Contents/Home/jre/lib/libverify.dylib
0x000000010c956000 	/Library/Java/JavaVirtualMachines/jdk1.8.0_66.jdk/Contents/Home/jre/lib/libjava.dylib
0x000000010c995000 	/Library/Java/JavaVirtualMachines/jdk1.8.0_66.jdk/Contents/Home/jre/lib/libzip.dylib
0x00000001299eb000 	/System/Library/Frameworks/JavaVM.framework/Frameworks/JavaRuntimeSupport.framework/JavaRuntimeSupport
0x0000000129a06000 	/System/Library/Frameworks/JavaVM.framework/Versions/A/Frameworks/JavaNativeFoundation.framework/Versions/A/JavaNativeFoundation
0x000000010c9ef000 	/System/Library/Frameworks/JavaVM.framework/Versions/A/JavaVM
0x0000000002d72000 	/System/Library/Frameworks/Carbon.framework/Versions/A/Carbon
0x0000000129a1b000 	/System/Library/PrivateFrameworks/JavaLaunching.framework/Versions/A/JavaLaunching
0x0000000002d72000 	/System/Library/Frameworks/Carbon.framework/Versions/A/Frameworks/CommonPanels.framework/Versions/A/CommonPanels
0x0000000002d72000 	/System/Library/Frameworks/Carbon.framework/Versions/A/Frameworks/Help.framework/Versions/A/Help
0x0000000002d72000 	/System/Library/Frameworks/Carbon.framework/Versions/A/Frameworks/ImageCapture.framework/Versions/A/ImageCapture
0x0000000002d72000 	/System/Library/Frameworks/Carbon.framework/Versions/A/Frameworks/OpenScripting.framework/Versions/A/OpenScripting
0x0000000002d72000 	/System/Library/Frameworks/Carbon.framework/Versions/A/Frameworks/Print.framework/Versions/A/Print
0x0000000002d72000 	/System/Library/Frameworks/Carbon.framework/Versions/A/Frameworks/SecurityHI.framework/Versions/A/SecurityHI
0x000000012b39a000 	/Library/Java/JavaVirtualMachines/jdk1.8.0_66.jdk/Contents/Home/jre/lib/libawt.dylib
0x000000012b442000 	/Library/Java/JavaVirtualMachines/jdk1.8.0_66.jdk/Contents/Home/jre/lib/./libmlib_image.dylib
0x000000012b50e000 	/Library/Java/JavaVirtualMachines/jdk1.8.0_66.jdk/Contents/Home/jre/lib/libawt_lwawt.dylib
0x000000012b5c3000 	/Library/Java/JavaVirtualMachines/jdk1.8.0_66.jdk/Contents/Home/jre/lib/./libosxapp.dylib
0x0000000002d72000 	/System/Library/Frameworks/ExceptionHandling.framework/Versions/A/ExceptionHandling
0x0000000002d72000 	/System/Library/PrivateFrameworks/CoreServicesInternal.framework/Versions/A/CoreServicesInternal
0x0000000002d72000 	/System/Library/Frameworks/CoreGraphics.framework/Versions/A/Resources/libRIP.A.dylib
0x0000000002d72000 	/System/Library/Frameworks/Accelerate.framework/Versions/A/Frameworks/vImage.framework/Versions/A/Libraries/libCGInterfaces.dylib
0x0000000002d72000 	/System/Library/Frameworks/CoreGraphics.framework/Versions/A/Resources/libCGXType.A.dylib
0x0000000002d72000 	/System/Library/Frameworks/OpenCL.framework/Versions/A/Libraries/libcldcpuengine.dylib
0x0000000002d72000 	/System/Library/PrivateFrameworks/DiskImages.framework/Versions/A/DiskImages
0x0000000002d72000 	/System/Library/Frameworks/DiscRecording.framework/Versions/A/DiscRecording
0x0000000002d72000 	/usr/lib/libcsfde.dylib
0x0000000002d72000 	/usr/lib/libcurl.4.dylib
0x0000000002d72000 	/System/Library/PrivateFrameworks/MediaKit.framework/Versions/A/MediaKit
0x0000000002d72000 	/System/Library/PrivateFrameworks/ProtectedCloudStorage.framework/Versions/A/ProtectedCloudStorage
0x0000000002d72000 	/usr/lib/libCoreStorage.dylib
0x0000000002d72000 	/System/Library/PrivateFrameworks/EFILogin.framework/Versions/A/EFILogin
0x0000000002d72000 	/usr/lib/libutil.dylib
0x0000000002d72000 	/System/Library/PrivateFrameworks/FindMyDevice.framework/Versions/A/FindMyDevice
0x0000000002d72000 	/System/Library/Frameworks/LDAP.framework/Versions/A/LDAP
0x0000000002d72000 	/usr/lib/libsasl2.2.dylib
0x0000000002d72000 	/System/Library/PrivateFrameworks/CoreDaemon.framework/Versions/B/CoreDaemon
0x0000000002d72000 	/usr/lib/libcrypto.0.9.8.dylib
0x0000000002d72000 	/System/Library/PrivateFrameworks/AppleSRP.framework/Versions/A/AppleSRP
0x0000000002d72000 	/System/Library/PrivateFrameworks/TrustEvaluationAgent.framework/Versions/A/TrustEvaluationAgent
0x000000012d46d000 	cl_kernels
0x0000000002d72000 	/System/Library/Frameworks/OpenCL.framework/Versions/A/Libraries/ImageFormats/unorm8_bgra.dylib
0x0000000002d72000 	/System/Library/Frameworks/OpenCL.framework/Versions/A/Libraries/ImageFormats/unorm8_rgba.dylib
0x0000000002d72000 	/System/Library/PrivateFrameworks/FamilyControls.framework/Versions/A/FamilyControls
0x0000000002d72000 	/System/Library/PrivateFrameworks/CommerceKit.framework/Versions/A/Frameworks/CommerceCore.framework/Versions/A/CommerceCore
0x0000000002d72000 	/System/Library/PrivateFrameworks/SystemAdministration.framework/Versions/A/SystemAdministration
0x0000000002d72000 	/System/Library/PrivateFrameworks/AppContainer.framework/Versions/A/AppContainer
0x0000000002d72000 	/System/Library/PrivateFrameworks/SecCodeWrapper.framework/Versions/A/SecCodeWrapper
0x0000000002d72000 	/System/Library/Frameworks/DirectoryService.framework/Versions/A/DirectoryService
0x0000000002d72000 	/System/Library/PrivateFrameworks/LoginUIKit.framework/Versions/A/Frameworks/LoginUICore.framework/Versions/A/LoginUICore
0x0000000002d72000 	/usr/lib/libodfde.dylib
0x000000012e58d000 	/Library/Java/JavaVirtualMachines/jdk1.8.0_66.jdk/Contents/Home/jre/lib/libfontmanager.dylib
0x000000012e5f4000 	/Users/janabelmann/NetBeans/Libs/slick/liblwjgl.dylib
0x000000012c852000 	/Library/Java/JavaVirtualMachines/jdk1.8.0_66.jdk/Contents/Home/jre/lib/libjawt.dylib
0x0000000002d72000 	/System/Library/Frameworks/OpenGL.framework/Versions/A/Resources/GLEngine.bundle/GLEngine
0x0000000002d72000 	/System/Library/Frameworks/OpenGL.framework/Versions/A/Libraries/libGLProgrammability.dylib
0x000000012e676000 	/System/Library/Extensions/AppleIntelHD4000GraphicsGLDriver.bundle/Contents/MacOS/AppleIntelHD4000GraphicsGLDriver
0x0000000002d72000 	/System/Library/PrivateFrameworks/GPUSupport.framework/Versions/A/Libraries/libGPUSupportMercury.dylib
0x0000000002d72000 	/System/Library/Extensions/GeForceGLDriver.bundle/Contents/MacOS/GeForceGLDriver
0x0000000002d72000 	/System/Library/Extensions/GeForceGLDriver.bundle/Contents/MacOS/libclh.dylib
0x0000000002d72000 	/System/Library/Frameworks/OpenGL.framework/Versions/A/Resources/GLRendererFloat.bundle/GLRendererFloat
0x000000013088b000 	/Users/janabelmann/NetBeans/Libs/slick/libjinput-osx.dylib
0x0000000130890000 	/System/Library/Extensions/IOHIDFamily.kext/Contents/PlugIns/IOHIDLib.plugin/Contents/MacOS/IOHIDLib
0x00000001308bf000 	/Users/janabelmann/NetBeans/Libs/slick/openal.dylib
0x0000000130946000 	/System/Library/Components/CoreAudio.component/Contents/MacOS/CoreAudio
0x0000000130b0c000 	/System/Library/Extensions/AppleHDA.kext/Contents/PlugIns/AppleHDAHALPlugIn.bundle/Contents/MacOS/AppleHDAHALPlugIn
0x000000012c667000 	/Library/Java/JavaVirtualMachines/jdk1.8.0_66.jdk/Contents/Home/jre/lib/libnio.dylib
0x000000012c677000 	/Library/Java/JavaVirtualMachines/jdk1.8.0_66.jdk/Contents/Home/jre/lib/./libnet.dylib
0x000000012c693000 	/Library/Java/JavaVirtualMachines/jdk1.8.0_66.jdk/Contents/Home/jre/lib/libjpeg.dylib
0x000000012d0e5000 	/Library/Java/JavaVirtualMachines/jdk1.8.0_66.jdk/Contents/Home/jre/lib/liblcms.dylib

VM Arguments:
jvm_args: -Dfile.encoding=UTF-8 -Djava.library.path=/Users/janabelmann/NetBeans/Libs/slick 
java_command: main.Main
java_class_path (initial): /Users/janabelmann/NetBeans/Libs/slick/lib/jinput.jar:/Users/janabelmann/NetBeans/Libs/slick/lib/lwjgl.jar:/Users/janabelmann/NetBeans/Libs/slick/lib/lwjgl_util.jar:/Users/janabelmann/NetBeans/Libs/slick/lib/slick.jar:/Users/janabelmann/NetBeans/Libs/slick/lib/jogg-0.0.7.jar:/Users/janabelmann/NetBeans/Libs/slick/lib/jorbis-0.0.15.jar:/Users/janabelmann/NetBeansProjects/airplane/build/classes
Launcher Type: SUN_STANDARD

Environment Variables:
PATH=/usr/bin:/bin:/usr/sbin:/sbin
LD_LIBRARY_PATH=/Library/Java/JavaVirtualMachines/jdk1.8.0_66.jdk/Contents/Home/jre/lib/amd64:/Library/Java/JavaVirtualMachines/jdk1.8.0_66.jdk/Contents/Home/jre/lib/i386:
SHELL=/bin/bash

Signal Handlers:
SIGSEGV: [libjvm.dylib+0x5a65d5], sa_mask[0]=11111111011111110111111111111111, sa_flags=SA_ONSTACK|SA_RESTART|SA_SIGINFO
SIGBUS: [libjvm.dylib+0x5a65d5], sa_mask[0]=11111111011111110111111111111111, sa_flags=SA_RESTART|SA_SIGINFO
SIGFPE: [libjvm.dylib+0x4802e8], sa_mask[0]=11111111011111110111111111111111, sa_flags=SA_RESTART|SA_SIGINFO
SIGPIPE: [libjvm.dylib+0x4802e8], sa_mask[0]=11111111011111110111111111111111, sa_flags=SA_RESTART|SA_SIGINFO
SIGXFSZ: [libjvm.dylib+0x4802e8], sa_mask[0]=11111111011111110111111111111111, sa_flags=SA_RESTART|SA_SIGINFO
SIGILL: [libjvm.dylib+0x4802e8], sa_mask[0]=11111111011111110111111111111111, sa_flags=SA_RESTART|SA_SIGINFO
SIGUSR1: SIG_DFL, sa_mask[0]=00000000000000000000000000000000, sa_flags=none
SIGUSR2: [libjvm.dylib+0x47fe06], sa_mask[0]=00100000000000000000000000000000, sa_flags=SA_RESTART|SA_SIGINFO
SIGHUP: [libjvm.dylib+0x47e3dd], sa_mask[0]=11111111011111110111111111111111, sa_flags=SA_RESTART|SA_SIGINFO
SIGINT: SIG_IGN, sa_mask[0]=00000000000000000000000000000000, sa_flags=none
SIGTERM: [libjvm.dylib+0x47e3dd], sa_mask[0]=11111111011111110111111111111111, sa_flags=SA_RESTART|SA_SIGINFO
SIGQUIT: [libjvm.dylib+0x47e3dd], sa_mask[0]=11111111011111110111111111111111, sa_flags=SA_RESTART|SA_SIGINFO


---------------  S Y S T E M  ---------------

OS:Bsduname:Darwin 15.4.0 Darwin Kernel Version 15.4.0: Fri Feb 26 22:08:05 PST 2016; root:xnu-3248.40.184~3/RELEASE_X86_64 x86_64
rlimit: STACK 8192k, CORE 0k, NPROC 709, NOFILE 10240, AS infinity
load average:1.89 1.92 1.79

CPU:total 8 (4 cores per cpu, 2 threads per core) family 6 model 58 stepping 9, cmov, cx8, fxsr, mmx, sse, sse2, sse3, ssse3, sse4.1, sse4.2, popcnt, avx, aes, clmul, erms, ht, tsc, tscinvbit, tscinv

Memory: 4k page, physical 16777216k(193720k free)

/proc/meminfo:


vm_info: Java HotSpot(TM) 64-Bit Server VM (25.66-b17) for bsd-amd64 JRE (1.8.0_66-b17), built on Oct  6 2015 16:09:13 by "java_re" with gcc 4.2.1 (Based on Apple Inc. build 5658) (LLVM build 2336.11.00)

time: Sat Sep 10 13:39:43 2016
elapsed time: 87 seconds (0d 0h 1m 27s)

